2018-06-07 09:53:44 [main] [INFO][zhumeng.com.uimei.App][logStartupProfileInfo][661]-> No active profile set, falling back to default profiles: default
2018-06-07 09:53:52 [main] [INFO][zhumeng.com.uimei.App][logStarted][57]-> Started App in 10.294 seconds (JVM running for 11.042)
2018-06-07 10:55:27 [main] [INFO][zhumeng.com.uimei.App][logStartupProfileInfo][661]-> No active profile set, falling back to default profiles: default
2018-06-07 10:55:41 [main] [INFO][zhumeng.com.uimei.App][logStarted][57]-> Started App in 17.998 seconds (JVM running for 20.393)
2018-06-07 11:15:03 [main] [INFO][zhumeng.com.uimei.App][logStartupProfileInfo][661]-> No active profile set, falling back to default profiles: default
2018-06-07 11:15:10 [main] [INFO][zhumeng.com.uimei.App][logStarted][57]-> Started App in 9.03 seconds (JVM running for 9.644)
2018-06-07 11:37:37 [main] [INFO][zhumeng.com.uimei.App][logStartupProfileInfo][661]-> No active profile set, falling back to default profiles: default
2018-06-07 11:37:44 [main] [INFO][zhumeng.com.uimei.App][logStarted][57]-> Started App in 8.326 seconds (JVM running for 8.97)
2018-06-07 11:54:51 [main] [INFO][zhumeng.com.uimei.App][logStartupProfileInfo][661]-> No active profile set, falling back to default profiles: default
2018-06-07 11:54:58 [main] [INFO][zhumeng.com.uimei.App][logStarted][57]-> Started App in 8.982 seconds (JVM running for 9.524)
2018-06-07 11:57:26 [http-nio-8080-exec-8] [ERROR][zhumeng.com.uimei.web.wx.WeixinMaterialController][ajaxUploadFile][110]-> 上传文件根路径===/upload/imagetext
2018-06-07 11:57:26 [http-nio-8080-exec-8] [ERROR][zhumeng.com.uimei.web.wx.WeixinMaterialController][ajaxUploadFile][122]-> 上传文件成功
2018-06-07 11:57:56 [http-nio-8080-exec-1] [ERROR][zhumeng.com.uimei.web.wx.WeixinMaterialController][ajaxUploadFile][110]-> 上传文件根路径===/upload/imagetext
2018-06-07 11:57:56 [http-nio-8080-exec-1] [ERROR][zhumeng.com.uimei.web.wx.WeixinMaterialController][ajaxUploadFile][122]-> 上传文件成功
2018-06-07 11:59:16 [http-nio-8080-exec-6] [ERROR][zhumeng.com.uimei.web.wx.WeixinMaterialController][ajaxUploadFile][110]-> 上传文件根路径===/upload/imagetext
2018-06-07 11:59:16 [http-nio-8080-exec-6] [ERROR][zhumeng.com.uimei.web.wx.WeixinMaterialController][ajaxUploadFile][122]-> 上传文件成功
2018-06-07 14:21:16 [http-nio-8080-exec-3] [ERROR][zhumeng.com.uimei.web.wx.WeixinMaterialController][ajaxUploadFile][110]-> 上传文件根路径===/upload/imagetext
2018-06-07 14:21:16 [http-nio-8080-exec-3] [ERROR][zhumeng.com.uimei.web.wx.WeixinMaterialController][ajaxUploadFile][122]-> 上传文件成功
2018-06-07 14:23:23 [main] [INFO][zhumeng.com.uimei.App][logStartupProfileInfo][661]-> No active profile set, falling back to default profiles: default
2018-06-07 14:23:29 [main] [INFO][zhumeng.com.uimei.App][logStarted][57]-> Started App in 8.722 seconds (JVM running for 9.277)
2018-06-07 14:23:53 [http-nio-8080-exec-5] [ERROR][zhumeng.com.uimei.web.wx.WeixinMaterialController][ajaxUploadFile][110]-> 上传文件根路径===/upload/imagetext
2018-06-07 14:23:53 [http-nio-8080-exec-5] [ERROR][zhumeng.com.uimei.web.wx.WeixinMaterialController][ajaxUploadFile][122]-> 上传文件成功
2018-06-07 14:23:58 [http-nio-8080-exec-7] [ERROR][zhumeng.com.uimei.service.wx.impl.TWxImageTextServiceImpl][saveWeixinMaterial][73]-> uplaoad_image1=====================https://api.weixin.qq.com/cgi-bin/media/uploadimg?access_token=ACCESS_TOKEN
2018-06-07 14:23:58 [http-nio-8080-exec-7] [ERROR][zhumeng.com.uimei.service.wx.impl.TWxImageTextServiceImpl][saveWeixinMaterial][77]-> uplaoad_image2==================https://api.weixin.qq.com/cgi-bin/media/uploadimg?access_token=ACCESS_TOKEN
2018-06-07 14:24:56 [main] [INFO][zhumeng.com.uimei.App][logStartupProfileInfo][661]-> No active profile set, falling back to default profiles: default
2018-06-07 14:25:04 [main] [INFO][zhumeng.com.uimei.App][logStarted][57]-> Started App in 10.494 seconds (JVM running for 11.203)
2018-06-07 14:25:53 [http-nio-8080-exec-6] [ERROR][zhumeng.com.uimei.web.wx.WeixinMaterialController][ajaxUploadFile][110]-> 上传文件根路径===/upload/imagetext
2018-06-07 14:25:53 [http-nio-8080-exec-6] [ERROR][zhumeng.com.uimei.web.wx.WeixinMaterialController][ajaxUploadFile][122]-> 上传文件成功
2018-06-07 14:25:57 [http-nio-8080-exec-8] [ERROR][zhumeng.com.uimei.service.wx.impl.TWxImageTextServiceImpl][saveWeixinMaterial][73]-> uplaoad_image1=====================https://api.weixin.qq.com/cgi-bin/media/uploadimg?access_token=ACCESS_TOKEN
2018-06-07 14:25:57 [http-nio-8080-exec-8] [ERROR][zhumeng.com.uimei.service.wx.impl.TWxImageTextServiceImpl][saveWeixinMaterial][77]-> uplaoad_image2==================https://api.weixin.qq.com/cgi-bin/media/uploadimg?access_token=ACCESS_TOKEN
2018-06-07 14:27:34 [main] [INFO][zhumeng.com.uimei.App][logStartupProfileInfo][661]-> No active profile set, falling back to default profiles: default
2018-06-07 14:27:42 [main] [INFO][zhumeng.com.uimei.App][logStarted][57]-> Started App in 10.561 seconds (JVM running for 11.302)
2018-06-07 14:28:09 [http-nio-8080-exec-7] [ERROR][zhumeng.com.uimei.web.wx.WeixinMaterialController][ajaxUploadFile][110]-> 上传文件根路径===/upload/imagetext
2018-06-07 14:28:09 [http-nio-8080-exec-7] [ERROR][zhumeng.com.uimei.web.wx.WeixinMaterialController][ajaxUploadFile][122]-> 上传文件成功
2018-06-07 14:28:13 [http-nio-8080-exec-9] [ERROR][zhumeng.com.uimei.service.wx.impl.TWxImageTextServiceImpl][saveWeixinMaterial][73]-> uplaoad_image1=====================https://api.weixin.qq.com/cgi-bin/media/uploadimg?access_token=ACCESS_TOKEN
2018-06-07 14:28:13 [http-nio-8080-exec-9] [ERROR][zhumeng.com.uimei.service.wx.impl.TWxImageTextServiceImpl][saveWeixinMaterial][77]-> uplaoad_image2==================https://api.weixin.qq.com/cgi-bin/media/uploadimg?access_token=ACCESS_TOKEN
2018-06-07 16:26:51 [main] [INFO][zhumeng.com.uimei.App][logStartupProfileInfo][661]-> No active profile set, falling back to default profiles: default
2018-06-07 16:26:57 [main] [INFO][zhumeng.com.uimei.App][logStarted][57]-> Started App in 8.872 seconds (JVM running for 9.456)
2018-06-07 16:32:07 [main] [INFO][zhumeng.com.uimei.App][logStartupProfileInfo][661]-> No active profile set, falling back to default profiles: default
2018-06-07 16:32:13 [main] [INFO][zhumeng.com.uimei.App][logStarted][57]-> Started App in 8.832 seconds (JVM running for 9.385)
2018-06-07 16:33:14 [http-nio-8080-exec-7] [ERROR][zhumeng.com.uimei.web.wx.WeixinMaterialController][ajaxUploadFile][110]-> 上传文件根路径===/upload/imagetext
2018-06-07 16:33:14 [http-nio-8080-exec-7] [ERROR][zhumeng.com.uimei.web.wx.WeixinMaterialController][ajaxUploadFile][122]-> 上传文件成功
2018-06-07 16:33:16 [http-nio-8080-exec-9] [ERROR][zhumeng.com.uimei.service.wx.impl.TWxImageTextServiceImpl][saveWeixinMaterial][73]-> uplaoad_image1=====================https://api.weixin.qq.com/cgi-bin/media/uploadimg?access_token=ACCESS_TOKEN
2018-06-07 16:33:16 [http-nio-8080-exec-9] [ERROR][zhumeng.com.uimei.service.wx.impl.TWxImageTextServiceImpl][saveWeixinMaterial][77]-> uplaoad_image2==================https://api.weixin.qq.com/cgi-bin/media/uploadimg?access_token=ACCESS_TOKEN
2018-06-07 16:34:58 [http-nio-8080-exec-2] [ERROR][zhumeng.com.uimei.web.wx.WeixinMaterialController][ajaxUploadFile][110]-> 上传文件根路径===/upload/imagetext
2018-06-07 16:34:58 [http-nio-8080-exec-2] [ERROR][zhumeng.com.uimei.web.wx.WeixinMaterialController][ajaxUploadFile][122]-> 上传文件成功
2018-06-07 16:35:05 [http-nio-8080-exec-4] [ERROR][zhumeng.com.uimei.web.wx.WeixinMaterialController][ajaxUploadFile][110]-> 上传文件根路径===/upload/imagetext
2018-06-07 16:35:05 [http-nio-8080-exec-4] [ERROR][zhumeng.com.uimei.web.wx.WeixinMaterialController][ajaxUploadFile][122]-> 上传文件成功
2018-06-07 16:35:09 [http-nio-8080-exec-6] [ERROR][zhumeng.com.uimei.service.wx.impl.TWxImageTextServiceImpl][saveWeixinMaterial][73]-> uplaoad_image1=====================https://api.weixin.qq.com/cgi-bin/media/uploadimg?access_token=ACCESS_TOKEN
2018-06-07 16:35:09 [http-nio-8080-exec-6] [ERROR][zhumeng.com.uimei.service.wx.impl.TWxImageTextServiceImpl][saveWeixinMaterial][77]-> uplaoad_image2==================https://api.weixin.qq.com/cgi-bin/media/uploadimg?access_token=ACCESS_TOKEN
2018-06-07 16:35:42 [http-nio-8080-exec-8] [ERROR][zhumeng.com.uimei.web.wx.WeixinMaterialController][ajaxUploadFile][110]-> 上传文件根路径===/upload/imagetext
2018-06-07 16:35:42 [http-nio-8080-exec-8] [ERROR][zhumeng.com.uimei.web.wx.WeixinMaterialController][ajaxUploadFile][122]-> 上传文件成功
2018-06-07 16:35:46 [http-nio-8080-exec-10] [ERROR][zhumeng.com.uimei.service.wx.impl.TWxImageTextServiceImpl][saveWeixinMaterial][73]-> uplaoad_image1=====================https://api.weixin.qq.com/cgi-bin/media/uploadimg?access_token=ACCESS_TOKEN
2018-06-07 16:35:46 [http-nio-8080-exec-10] [ERROR][zhumeng.com.uimei.service.wx.impl.TWxImageTextServiceImpl][saveWeixinMaterial][77]-> uplaoad_image2==================https://api.weixin.qq.com/cgi-bin/media/uploadimg?access_token=ACCESS_TOKEN
2018-06-07 16:36:11 [http-nio-8080-exec-4] [ERROR][zhumeng.com.uimei.web.wx.WeixinMaterialController][ajaxUploadFile][110]-> 上传文件根路径===/upload/imagetext
2018-06-07 16:36:11 [http-nio-8080-exec-4] [ERROR][zhumeng.com.uimei.web.wx.WeixinMaterialController][ajaxUploadFile][122]-> 上传文件成功
2018-06-07 16:36:14 [http-nio-8080-exec-6] [ERROR][zhumeng.com.uimei.service.wx.impl.TWxImageTextServiceImpl][saveWeixinMaterial][73]-> uplaoad_image1=====================https://api.weixin.qq.com/cgi-bin/media/uploadimg?access_token=ACCESS_TOKEN
2018-06-07 16:36:14 [http-nio-8080-exec-6] [ERROR][zhumeng.com.uimei.service.wx.impl.TWxImageTextServiceImpl][saveWeixinMaterial][77]-> uplaoad_image2==================https://api.weixin.qq.com/cgi-bin/media/uploadimg?access_token=ACCESS_TOKEN
