1-2018-06-05 10:47:27 [main] Caller+0	 at org.springframework.boot.SpringApplication.logStartupProfileInfo(SpringApplication.java:661)
 INFO  zhumeng.com.uimei.App - No active profile set, falling back to default profiles: default
1-2018-06-05 10:47:34 [main] Caller+0	 at org.springframework.boot.StartupInfoLogger.logStarted(StartupInfoLogger.java:57)
 INFO  zhumeng.com.uimei.App - Started App in 8.86 seconds (JVM running for 9.388)
1-2018-06-05 10:53:54 [main] Caller+0	 at org.springframework.boot.SpringApplication.logStartupProfileInfo(SpringApplication.java:661)
 INFO  zhumeng.com.uimei.App - No active profile set, falling back to default profiles: default
1-2018-06-05 10:54:01 [main] Caller+0	 at org.springframework.boot.StartupInfoLogger.logStarted(StartupInfoLogger.java:57)
 INFO  zhumeng.com.uimei.App - Started App in 8.843 seconds (JVM running for 9.358)
1-2018-06-05 10:55:25 [http-nio-8080-exec-4] Caller+0	 at zhumeng.com.uimei.web.wx.WeixinMenuController.getList(WeixinMenuController.java:22)
 INFO  zhumeng.com.uimei.web.AppBaseController - getList-----获取微信菜单
1-2018-06-05 10:55:25 [http-nio-8080-exec-4] Caller+0	 at zhumeng.com.uimei.web.AppBaseController.pakageJsonp(AppBaseController.java:81)
 INFO  zhumeng.com.uimei.web.AppBaseController - 返回參數:{"status":"error"}
2018-06-05 10:59:48 [INFO][zhumeng.com.uimei.App][logStartupProfileInfo][661]-> No active profile set, falling back to default profiles: default
2018-06-05 10:59:55 [INFO][zhumeng.com.uimei.App][logStarted][57]-> Started App in 9.187 seconds (JVM running for 9.734)
2018-06-05 11:00:18 [INFO][zhumeng.com.uimei.web.AppBaseController][getList][22]-> getList-----获取微信菜单
2018-06-05 11:00:18 [INFO][zhumeng.com.uimei.web.AppBaseController][pakageJsonp][81]-> 返回參數:{"status":"error"}
2018-06-05 11:02:08 [main] [INFO][zhumeng.com.uimei.App][logStartupProfileInfo][661]-> No active profile set, falling back to default profiles: default
2018-06-05 11:02:14 [main] [INFO][zhumeng.com.uimei.App][logStarted][57]-> Started App in 8.337 seconds (JVM running for 8.846)
2018-06-05 11:03:13 [http-nio-8080-exec-1] [INFO][zhumeng.com.uimei.web.AppBaseController][getList][22]-> getList-----获取微信菜单
2018-06-05 11:03:13 [http-nio-8080-exec-1] [INFO][zhumeng.com.uimei.web.AppBaseController][pakageJsonp][81]-> 返回參數:{"status":"error"}
2018-06-05 11:05:39 [main] [INFO][zhumeng.com.uimei.App][logStartupProfileInfo][661]-> No active profile set, falling back to default profiles: default
2018-06-05 11:05:45 [main] [INFO][zhumeng.com.uimei.App][logStarted][57]-> Started App in 8.724 seconds (JVM running for 9.251)
2018-06-05 11:06:13 [http-nio-8080-exec-1] [INFO][zhumeng.com.uimei.web.wx.WeixinMenuController][getList][25]-> getList-----获取微信菜单
2018-06-05 11:06:13 [http-nio-8080-exec-1] [INFO][zhumeng.com.uimei.web.AppBaseController][pakageJsonp][81]-> 返回參數:{"status":"error"}
2018-06-05 11:06:34 [http-nio-8080-exec-3] [INFO][zhumeng.com.uimei.web.wx.WeixinMenuController][getList][25]-> getList-----获取微信菜单
2018-06-05 11:06:34 [http-nio-8080-exec-3] [INFO][zhumeng.com.uimei.web.AppBaseController][pakageJsonp][81]-> 返回參數:{"status":"error"}
2018-06-05 11:06:44 [http-nio-8080-exec-5] [INFO][zhumeng.com.uimei.web.wx.WeixinMenuController][getList][25]-> getList-----获取微信菜单
2018-06-05 11:06:44 [http-nio-8080-exec-5] [INFO][zhumeng.com.uimei.web.AppBaseController][pakageJsonp][81]-> 返回參數:{"status":"error"}
2018-06-05 11:07:07 [http-nio-8080-exec-7] [INFO][zhumeng.com.uimei.web.wx.WeixinMenuController][getList][25]-> getList-----获取微信菜单
2018-06-05 11:07:07 [http-nio-8080-exec-7] [INFO][zhumeng.com.uimei.web.AppBaseController][pakageJsonp][81]-> 返回參數:{"status":"error"}
2018-06-05 11:07:47 [http-nio-8080-exec-10] [INFO][zhumeng.com.uimei.web.wx.WeixinMenuController][getList][25]-> getList-----获取微信菜单
2018-06-05 11:07:47 [http-nio-8080-exec-10] [INFO][zhumeng.com.uimei.web.AppBaseController][pakageJsonp][81]-> 返回參數:{"status":"error"}
